2020-04-27 11:48:09,626 INFO 40333 [Timer] /Users/harry/project/applications/one-midway/node_modules/egg-multipart/app/schedule/clean_tmpdir.js next time will execute after 60110378ms at 2020-04-28 04:30:00.004
2020-04-27 11:48:09,626 INFO 40333 [Timer] /Users/harry/project/applications/one-midway/node_modules/egg-logrotator/app/schedule/clean_log.js next time will execute after 43910374ms at 2020-04-28 00:00:00.000
2020-04-27 11:48:09,627 INFO 40333 [Timer] /Users/harry/project/applications/one-midway/node_modules/egg-logrotator/app/schedule/rotate_by_file.js next time will execute after 43911374ms at 2020-04-28 00:00:01.001
2020-04-27 11:48:09,445 INFO 40336 [egg-schedule]: register schedule /Users/harry/project/applications/one-midway/node_modules/egg-multipart/app/schedule/clean_tmpdir.js
2020-04-27 11:48:09,445 INFO 40336 [egg-schedule]: register schedule /Users/harry/project/applications/one-midway/node_modules/egg-logrotator/app/schedule/clean_log.js
2020-04-27 11:48:09,445 INFO 40336 [egg-schedule]: register schedule /Users/harry/project/applications/one-midway/node_modules/egg-logrotator/app/schedule/rotate_by_file.js
2020-04-27 11:55:42,169 INFO 41307 [egg-schedule]: register schedule /Users/harry/project/applications/one-midway/node_modules/egg-multipart/app/schedule/clean_tmpdir.js
2020-04-27 11:55:42,169 INFO 41307 [egg-schedule]: register schedule /Users/harry/project/applications/one-midway/node_modules/egg-logrotator/app/schedule/clean_log.js
2020-04-27 11:55:42,169 INFO 41307 [egg-schedule]: register schedule /Users/harry/project/applications/one-midway/node_modules/egg-logrotator/app/schedule/rotate_by_file.js
2020-04-27 11:55:42,279 INFO 41302 [Timer] /Users/harry/project/applications/one-midway/node_modules/egg-multipart/app/schedule/clean_tmpdir.js next time will execute after 59657723ms at 2020-04-28 04:30:00.002
2020-04-27 11:55:42,279 INFO 41302 [Timer] /Users/harry/project/applications/one-midway/node_modules/egg-logrotator/app/schedule/clean_log.js next time will execute after 43457721ms at 2020-04-28 00:00:00.000
2020-04-27 11:55:42,279 INFO 41302 [Timer] /Users/harry/project/applications/one-midway/node_modules/egg-logrotator/app/schedule/rotate_by_file.js next time will execute after 43458721ms at 2020-04-28 00:00:01.000
2020-04-27 12:58:42,133 INFO 44860 [egg-schedule]: register schedule /Users/harry/project/applications/one-midway/node_modules/egg-multipart/app/schedule/clean_tmpdir.js
2020-04-27 12:58:42,133 INFO 44860 [egg-schedule]: register schedule /Users/harry/project/applications/one-midway/node_modules/egg-logrotator/app/schedule/clean_log.js
2020-04-27 12:58:42,133 INFO 44860 [egg-schedule]: register schedule /Users/harry/project/applications/one-midway/node_modules/egg-logrotator/app/schedule/rotate_by_file.js
2020-04-27 12:58:42,254 INFO 44854 [Timer] /Users/harry/project/applications/one-midway/node_modules/egg-multipart/app/schedule/clean_tmpdir.js next time will execute after 55877748ms at 2020-04-28 04:30:00.002
2020-04-27 12:58:42,254 INFO 44854 [Timer] /Users/harry/project/applications/one-midway/node_modules/egg-logrotator/app/schedule/clean_log.js next time will execute after 39677746ms at 2020-04-28 00:00:00.000
2020-04-27 12:58:42,254 INFO 44854 [Timer] /Users/harry/project/applications/one-midway/node_modules/egg-logrotator/app/schedule/rotate_by_file.js next time will execute after 39678746ms at 2020-04-28 00:00:01.000
2020-04-27 13:00:49,912 INFO 45038 [egg-schedule]: register schedule /Users/harry/project/applications/one-midway/node_modules/egg-multipart/app/schedule/clean_tmpdir.js
2020-04-27 13:00:49,912 INFO 45038 [egg-schedule]: register schedule /Users/harry/project/applications/one-midway/node_modules/egg-logrotator/app/schedule/clean_log.js
2020-04-27 13:00:49,912 INFO 45038 [egg-schedule]: register schedule /Users/harry/project/applications/one-midway/node_modules/egg-logrotator/app/schedule/rotate_by_file.js
2020-04-27 13:00:50,142 INFO 45030 [Timer] /Users/harry/project/applications/one-midway/node_modules/egg-multipart/app/schedule/clean_tmpdir.js next time will execute after 55749859ms at 2020-04-28 04:30:00.001
2020-04-27 13:00:50,143 INFO 45030 [Timer] /Users/harry/project/applications/one-midway/node_modules/egg-logrotator/app/schedule/clean_log.js next time will execute after 39549858ms at 2020-04-28 00:00:00.001
2020-04-27 13:00:50,143 INFO 45030 [Timer] /Users/harry/project/applications/one-midway/node_modules/egg-logrotator/app/schedule/rotate_by_file.js next time will execute after 39550857ms at 2020-04-28 00:00:01.000
2020-04-27 13:01:12,485 INFO 45116 [Timer] /Users/harry/project/applications/one-midway/node_modules/egg-multipart/app/schedule/clean_tmpdir.js next time will execute after 55727517ms at 2020-04-28 04:30:00.002
2020-04-27 13:01:12,485 INFO 45116 [Timer] /Users/harry/project/applications/one-midway/node_modules/egg-logrotator/app/schedule/clean_log.js next time will execute after 39527515ms at 2020-04-28 00:00:00.000
2020-04-27 13:01:12,486 INFO 45116 [Timer] /Users/harry/project/applications/one-midway/node_modules/egg-logrotator/app/schedule/rotate_by_file.js next time will execute after 39528515ms at 2020-04-28 00:00:01.001
2020-04-27 13:01:12,401 INFO 45120 [egg-schedule]: register schedule /Users/harry/project/applications/one-midway/node_modules/egg-multipart/app/schedule/clean_tmpdir.js
2020-04-27 13:01:12,401 INFO 45120 [egg-schedule]: register schedule /Users/harry/project/applications/one-midway/node_modules/egg-logrotator/app/schedule/clean_log.js
2020-04-27 13:01:12,401 INFO 45120 [egg-schedule]: register schedule /Users/harry/project/applications/one-midway/node_modules/egg-logrotator/app/schedule/rotate_by_file.js
2020-04-27 13:01:32,563 INFO 45167 [egg-schedule]: register schedule /Users/harry/project/applications/one-midway/node_modules/egg-multipart/app/schedule/clean_tmpdir.js
2020-04-27 13:01:32,563 INFO 45167 [egg-schedule]: register schedule /Users/harry/project/applications/one-midway/node_modules/egg-logrotator/app/schedule/clean_log.js
2020-04-27 13:01:32,563 INFO 45167 [egg-schedule]: register schedule /Users/harry/project/applications/one-midway/node_modules/egg-logrotator/app/schedule/rotate_by_file.js
2020-04-27 13:01:32,647 INFO 45160 [Timer] /Users/harry/project/applications/one-midway/node_modules/egg-multipart/app/schedule/clean_tmpdir.js next time will execute after 55707355ms at 2020-04-28 04:30:00.002
2020-04-27 13:01:32,648 INFO 45160 [Timer] /Users/harry/project/applications/one-midway/node_modules/egg-logrotator/app/schedule/clean_log.js next time will execute after 39507353ms at 2020-04-28 00:00:00.001
2020-04-27 13:01:32,648 INFO 45160 [Timer] /Users/harry/project/applications/one-midway/node_modules/egg-logrotator/app/schedule/rotate_by_file.js next time will execute after 39508352ms at 2020-04-28 00:00:01.000
2020-04-27 13:03:05,373 INFO 45304 [Timer] /Users/harry/project/applications/one-midway/node_modules/egg-multipart/app/schedule/clean_tmpdir.js next time will execute after 55614628ms at 2020-04-28 04:30:00.001
2020-04-27 13:03:05,374 INFO 45304 [Timer] /Users/harry/project/applications/one-midway/node_modules/egg-logrotator/app/schedule/clean_log.js next time will execute after 39414626ms at 2020-04-28 00:00:00.000
2020-04-27 13:03:05,374 INFO 45304 [Timer] /Users/harry/project/applications/one-midway/node_modules/egg-logrotator/app/schedule/rotate_by_file.js next time will execute after 39415626ms at 2020-04-28 00:00:01.000
2020-04-27 13:03:05,261 INFO 45308 [egg-schedule]: register schedule /Users/harry/project/applications/one-midway/node_modules/egg-multipart/app/schedule/clean_tmpdir.js
2020-04-27 13:03:05,261 INFO 45308 [egg-schedule]: register schedule /Users/harry/project/applications/one-midway/node_modules/egg-logrotator/app/schedule/clean_log.js
2020-04-27 13:03:05,261 INFO 45308 [egg-schedule]: register schedule /Users/harry/project/applications/one-midway/node_modules/egg-logrotator/app/schedule/rotate_by_file.js
2020-04-27 13:19:08,373 INFO 46476 [egg-schedule]: register schedule /Users/harry/project/applications/one-midway/node_modules/egg-multipart/app/schedule/clean_tmpdir.js
2020-04-27 13:19:08,373 INFO 46476 [egg-schedule]: register schedule /Users/harry/project/applications/one-midway/node_modules/egg-logrotator/app/schedule/clean_log.js
2020-04-27 13:19:08,373 INFO 46476 [egg-schedule]: register schedule /Users/harry/project/applications/one-midway/node_modules/egg-logrotator/app/schedule/rotate_by_file.js
2020-04-27 13:19:08,506 INFO 46472 [Timer] /Users/harry/project/applications/one-midway/node_modules/egg-multipart/app/schedule/clean_tmpdir.js next time will execute after 54651496ms at 2020-04-28 04:30:00.002
2020-04-27 13:19:08,506 INFO 46472 [Timer] /Users/harry/project/applications/one-midway/node_modules/egg-logrotator/app/schedule/clean_log.js next time will execute after 38451494ms at 2020-04-28 00:00:00.000
2020-04-27 13:19:08,507 INFO 46472 [Timer] /Users/harry/project/applications/one-midway/node_modules/egg-logrotator/app/schedule/rotate_by_file.js next time will execute after 38452494ms at 2020-04-28 00:00:01.001
2020-04-27 13:22:34,946 INFO 46730 [Timer] /Users/harry/project/applications/one-midway/node_modules/egg-multipart/app/schedule/clean_tmpdir.js next time will execute after 54445056ms at 2020-04-28 04:30:00.002
2020-04-27 13:22:34,947 INFO 46730 [Timer] /Users/harry/project/applications/one-midway/node_modules/egg-logrotator/app/schedule/clean_log.js next time will execute after 38245054ms at 2020-04-28 00:00:00.001
2020-04-27 13:22:34,947 INFO 46730 [Timer] /Users/harry/project/applications/one-midway/node_modules/egg-logrotator/app/schedule/rotate_by_file.js next time will execute after 38246053ms at 2020-04-28 00:00:01.000
2020-04-27 13:22:34,798 INFO 46737 [egg-schedule]: register schedule /Users/harry/project/applications/one-midway/node_modules/egg-multipart/app/schedule/clean_tmpdir.js
2020-04-27 13:22:34,798 INFO 46737 [egg-schedule]: register schedule /Users/harry/project/applications/one-midway/node_modules/egg-logrotator/app/schedule/clean_log.js
2020-04-27 13:22:34,798 INFO 46737 [egg-schedule]: register schedule /Users/harry/project/applications/one-midway/node_modules/egg-logrotator/app/schedule/rotate_by_file.js
2020-04-27 13:23:43,651 INFO 46864 [Timer] /Users/harry/project/applications/one-midway/node_modules/egg-multipart/app/schedule/clean_tmpdir.js next time will execute after 54376352ms at 2020-04-28 04:30:00.003
2020-04-27 13:23:43,651 INFO 46864 [Timer] /Users/harry/project/applications/one-midway/node_modules/egg-logrotator/app/schedule/clean_log.js next time will execute after 38176349ms at 2020-04-28 00:00:00.000
2020-04-27 13:23:43,652 INFO 46864 [Timer] /Users/harry/project/applications/one-midway/node_modules/egg-logrotator/app/schedule/rotate_by_file.js next time will execute after 38177349ms at 2020-04-28 00:00:01.001
2020-04-27 13:23:43,506 INFO 46869 [egg-schedule]: register schedule /Users/harry/project/applications/one-midway/node_modules/egg-multipart/app/schedule/clean_tmpdir.js
2020-04-27 13:23:43,506 INFO 46869 [egg-schedule]: register schedule /Users/harry/project/applications/one-midway/node_modules/egg-logrotator/app/schedule/clean_log.js
2020-04-27 13:23:43,506 INFO 46869 [egg-schedule]: register schedule /Users/harry/project/applications/one-midway/node_modules/egg-logrotator/app/schedule/rotate_by_file.js
