2020-04-27 11:48:17,601 ERROR 40336 [-/127.0.0.1/-/5ms GET /] nodejs.Error: Please set config.keys first
    at MidwayApplication.get keys [as keys] (/Users/harry/project/applications/one-midway/node_modules/egg/lib/application.js:266:15)
    at Object.get cookies [as cookies] (/Users/harry/project/applications/one-midway/node_modules/egg/app/extend/context.js:22:66)
    at Object.get [egg-security#CSRF_SECRET] (/Users/harry/project/applications/one-midway/node_modules/egg-security/app/extend/context.js:91:35)
    at Object.ensureCsrfSecret (/Users/harry/project/applications/one-midway/node_modules/egg-security/app/extend/context.js:104:13)
    at csrf (/Users/harry/project/applications/one-midway/node_modules/egg-security/lib/middlewares/csrf.js:15:11)
    at dispatch (/Users/harry/project/applications/one-midway/node_modules/egg-security/node_modules/koa-compose/index.js:42:32)
    at /Users/harry/project/applications/one-midway/node_modules/egg-security/node_modules/koa-compose/index.js:34:12
    at dispatch (/Users/harry/project/applications/one-midway/node_modules/koa/node_modules/koa-compose/index.js:42:32)
    at session (/Users/harry/project/applications/one-midway/node_modules/koa-session/index.js:41:13)
    at dispatch (/Users/harry/project/applications/one-midway/node_modules/koa/node_modules/koa-compose/index.js:42:32)

pid: 40336
hostname: HarrydeMacBook-Pro-2.local

2020-04-27 11:48:23,616 ERROR 40336 [-/127.0.0.1/-/1ms GET /user/123] nodejs.Error: Please set config.keys first
    at MidwayApplication.get keys [as keys] (/Users/harry/project/applications/one-midway/node_modules/egg/lib/application.js:266:15)
    at Object.get cookies [as cookies] (/Users/harry/project/applications/one-midway/node_modules/egg/app/extend/context.js:22:66)
    at Object.get [egg-security#CSRF_SECRET] (/Users/harry/project/applications/one-midway/node_modules/egg-security/app/extend/context.js:91:35)
    at Object.ensureCsrfSecret (/Users/harry/project/applications/one-midway/node_modules/egg-security/app/extend/context.js:104:13)
    at csrf (/Users/harry/project/applications/one-midway/node_modules/egg-security/lib/middlewares/csrf.js:15:11)
    at dispatch (/Users/harry/project/applications/one-midway/node_modules/egg-security/node_modules/koa-compose/index.js:42:32)
    at /Users/harry/project/applications/one-midway/node_modules/egg-security/node_modules/koa-compose/index.js:34:12
    at dispatch (/Users/harry/project/applications/one-midway/node_modules/koa/node_modules/koa-compose/index.js:42:32)
    at session (/Users/harry/project/applications/one-midway/node_modules/koa-session/index.js:41:13)
    at dispatch (/Users/harry/project/applications/one-midway/node_modules/koa/node_modules/koa-compose/index.js:42:32)

pid: 40336
hostname: HarrydeMacBook-Pro-2.local

