2020-04-27 11:48:09,414 INFO 40336 [egg:logger] init all loggers with options: {"dir":"/Users/harry/project/applications/one-midway/packages/user/logs/midway-subpackage-user","encoding":"utf8","env":"local","level":"INFO","consoleLevel":"INFO","disableConsoleAfterReady":false,"outputJSON":false,"buffer":true,"appLogName":"midway-web.log","coreLogName":"midway-core.log","agentLogName":"midway-agent.log","errorLogName":"common-error.log","coreLogger":{"consoleLevel":"WARN"},"allowDebugAtProd":false,"type":"application"}
2020-04-27 11:48:09,448 INFO 40336 [egg-multipart] stream mode enable
2020-04-27 11:48:09,531 INFO 40336 [egg-static] starting static serve /public/ -> /Users/harry/project/applications/one-midway/packages/user/src/app/public
2020-04-27 11:48:09,537 INFO 40336 [egg-security] use csrf middleware
2020-04-27 11:48:09,538 INFO 40336 [egg-security] use methodnoallow middleware
2020-04-27 11:48:09,539 INFO 40336 [egg-security] use noopen middleware
2020-04-27 11:48:09,539 INFO 40336 [egg-security] use nosniff middleware
2020-04-27 11:48:09,541 INFO 40336 [egg-security] use xssProtection middleware
2020-04-27 11:48:09,543 INFO 40336 [egg-security] use xframe middleware
2020-04-27 11:48:09,554 INFO 40336 [egg-security] use dta middleware
2020-04-27 11:48:09,554 INFO 40336 [egg-security] compose 7 middlewares into one security middleware
2020-04-27 11:48:09,568 INFO 40336 [egg:core] dump config after load, 12ms
2020-04-27 11:48:09,603 INFO 40336 [egg-watcher:application] watcher start success
2020-04-27 11:48:09,619 INFO 40336 [egg:core] dump config after ready, 13ms
2020-04-27 11:55:42,148 INFO 41307 [egg:logger] init all loggers with options: {"dir":"/Users/harry/project/applications/one-midway/packages/user/logs/midway-subpackage-user","encoding":"utf8","env":"local","level":"INFO","consoleLevel":"INFO","disableConsoleAfterReady":false,"outputJSON":false,"buffer":true,"appLogName":"midway-web.log","coreLogName":"midway-core.log","agentLogName":"midway-agent.log","errorLogName":"common-error.log","coreLogger":{"consoleLevel":"WARN"},"allowDebugAtProd":false,"type":"application"}
2020-04-27 11:55:42,170 INFO 41307 [egg-multipart] stream mode enable
2020-04-27 11:55:42,235 INFO 41307 [egg-static] starting static serve /public/ -> /Users/harry/project/applications/one-midway/packages/user/src/app/public
2020-04-27 11:55:42,238 INFO 41307 [egg-security] use csrf middleware
2020-04-27 11:55:42,239 INFO 41307 [egg-security] use methodnoallow middleware
2020-04-27 11:55:42,240 INFO 41307 [egg-security] use noopen middleware
2020-04-27 11:55:42,241 INFO 41307 [egg-security] use nosniff middleware
2020-04-27 11:55:42,242 INFO 41307 [egg-security] use xssProtection middleware
2020-04-27 11:55:42,242 INFO 41307 [egg-security] use xframe middleware
2020-04-27 11:55:42,243 INFO 41307 [egg-security] use dta middleware
2020-04-27 11:55:42,244 INFO 41307 [egg-security] compose 7 middlewares into one security middleware
2020-04-27 11:55:42,251 INFO 41307 [egg:core] dump config after load, 6ms
2020-04-27 11:55:42,264 INFO 41307 [egg-watcher:application] watcher start success
2020-04-27 11:55:42,274 INFO 41307 [egg:core] dump config after ready, 9ms
2020-04-27 12:58:42,110 INFO 44860 [egg:logger] init all loggers with options: {"dir":"/Users/harry/project/applications/one-midway/packages/user/logs/midway-subpackage-user","encoding":"utf8","env":"local","level":"INFO","consoleLevel":"INFO","disableConsoleAfterReady":false,"outputJSON":false,"buffer":true,"appLogName":"midway-web.log","coreLogName":"midway-core.log","agentLogName":"midway-agent.log","errorLogName":"common-error.log","coreLogger":{"consoleLevel":"WARN"},"allowDebugAtProd":false,"type":"application"}
2020-04-27 12:58:42,134 INFO 44860 [egg-multipart] stream mode enable
2020-04-27 12:58:42,209 INFO 44860 [egg-static] starting static serve /public/ -> /Users/harry/project/applications/one-midway/packages/user/src/app/public
2020-04-27 12:58:42,211 INFO 44860 [egg-security] use csrf middleware
2020-04-27 12:58:42,212 INFO 44860 [egg-security] use methodnoallow middleware
2020-04-27 12:58:42,213 INFO 44860 [egg-security] use noopen middleware
2020-04-27 12:58:42,216 INFO 44860 [egg-security] use nosniff middleware
2020-04-27 12:58:42,217 INFO 44860 [egg-security] use xssProtection middleware
2020-04-27 12:58:42,217 INFO 44860 [egg-security] use xframe middleware
2020-04-27 12:58:42,218 INFO 44860 [egg-security] use dta middleware
2020-04-27 12:58:42,218 INFO 44860 [egg-security] compose 7 middlewares into one security middleware
2020-04-27 12:58:42,225 INFO 44860 [egg:core] dump config after load, 6ms
2020-04-27 12:58:42,238 INFO 44860 [egg-watcher:application] watcher start success
2020-04-27 12:58:42,249 INFO 44860 [egg:core] dump config after ready, 7ms
2020-04-27 13:00:49,889 INFO 45038 [egg:logger] init all loggers with options: {"dir":"/Users/harry/project/applications/one-midway/packages/user/logs/midway-subpackage-user","encoding":"utf8","env":"local","level":"INFO","consoleLevel":"INFO","disableConsoleAfterReady":false,"outputJSON":false,"buffer":true,"appLogName":"midway-web.log","coreLogName":"midway-core.log","agentLogName":"midway-agent.log","errorLogName":"common-error.log","coreLogger":{"consoleLevel":"WARN"},"allowDebugAtProd":false,"type":"application"}
2020-04-27 13:00:49,913 INFO 45038 [egg-multipart] stream mode enable
2020-04-27 13:00:50,023 INFO 45038 [egg-static] starting static serve /public/ -> /Users/harry/project/applications/one-midway/packages/user/src/app/public
2020-04-27 13:00:50,025 INFO 45038 [egg-security] use csrf middleware
2020-04-27 13:00:50,027 INFO 45038 [egg-security] use methodnoallow middleware
2020-04-27 13:00:50,028 INFO 45038 [egg-security] use noopen middleware
2020-04-27 13:00:50,030 INFO 45038 [egg-security] use nosniff middleware
2020-04-27 13:00:50,031 INFO 45038 [egg-security] use xssProtection middleware
2020-04-27 13:00:50,032 INFO 45038 [egg-security] use xframe middleware
2020-04-27 13:00:50,032 INFO 45038 [egg-security] use dta middleware
2020-04-27 13:00:50,033 INFO 45038 [egg-security] compose 7 middlewares into one security middleware
2020-04-27 13:00:50,040 INFO 45038 [egg:core] dump config after load, 6ms
2020-04-27 13:00:50,068 INFO 45038 [egg-watcher:application] watcher start success
2020-04-27 13:00:50,135 INFO 45038 [egg:core] dump config after ready, 64ms
2020-04-27 13:01:12,372 INFO 45120 [egg:logger] init all loggers with options: {"dir":"/Users/harry/project/applications/one-midway/packages/user/logs/midway-subpackage-user","encoding":"utf8","env":"local","level":"INFO","consoleLevel":"INFO","disableConsoleAfterReady":false,"outputJSON":false,"buffer":true,"appLogName":"midway-web.log","coreLogName":"midway-core.log","agentLogName":"midway-agent.log","errorLogName":"common-error.log","coreLogger":{"consoleLevel":"WARN"},"allowDebugAtProd":false,"type":"application"}
2020-04-27 13:01:12,402 INFO 45120 [egg-multipart] stream mode enable
2020-04-27 13:01:12,436 INFO 45120 [egg-static] starting static serve /public/ -> /Users/harry/project/applications/one-midway/packages/user/src/app/public
2020-04-27 13:01:12,438 INFO 45120 [egg-security] use csrf middleware
2020-04-27 13:01:12,438 INFO 45120 [egg-security] use methodnoallow middleware
2020-04-27 13:01:12,438 INFO 45120 [egg-security] use noopen middleware
2020-04-27 13:01:12,439 INFO 45120 [egg-security] use nosniff middleware
2020-04-27 13:01:12,439 INFO 45120 [egg-security] use xssProtection middleware
2020-04-27 13:01:12,439 INFO 45120 [egg-security] use xframe middleware
2020-04-27 13:01:12,439 INFO 45120 [egg-security] use dta middleware
2020-04-27 13:01:12,440 INFO 45120 [egg-security] compose 7 middlewares into one security middleware
2020-04-27 13:01:12,453 INFO 45120 [egg:core] dump config after load, 13ms
2020-04-27 13:01:12,468 INFO 45120 [egg-watcher:application] watcher start success
2020-04-27 13:01:12,480 INFO 45120 [egg:core] dump config after ready, 11ms
2020-04-27 13:01:32,538 INFO 45167 [egg:logger] init all loggers with options: {"dir":"/Users/harry/project/applications/one-midway/packages/user/logs/midway-subpackage-user","encoding":"utf8","env":"local","level":"INFO","consoleLevel":"INFO","disableConsoleAfterReady":false,"outputJSON":false,"buffer":true,"appLogName":"midway-web.log","coreLogName":"midway-core.log","agentLogName":"midway-agent.log","errorLogName":"common-error.log","coreLogger":{"consoleLevel":"WARN"},"allowDebugAtProd":false,"type":"application"}
2020-04-27 13:01:32,564 INFO 45167 [egg-multipart] stream mode enable
2020-04-27 13:01:32,599 INFO 45167 [egg-static] starting static serve /public/ -> /Users/harry/project/applications/one-midway/packages/user/src/app/public
2020-04-27 13:01:32,601 INFO 45167 [egg-security] use csrf middleware
2020-04-27 13:01:32,604 INFO 45167 [egg-security] use methodnoallow middleware
2020-04-27 13:01:32,605 INFO 45167 [egg-security] use noopen middleware
2020-04-27 13:01:32,606 INFO 45167 [egg-security] use nosniff middleware
2020-04-27 13:01:32,606 INFO 45167 [egg-security] use xssProtection middleware
2020-04-27 13:01:32,606 INFO 45167 [egg-security] use xframe middleware
2020-04-27 13:01:32,607 INFO 45167 [egg-security] use dta middleware
2020-04-27 13:01:32,607 INFO 45167 [egg-security] compose 7 middlewares into one security middleware
2020-04-27 13:01:32,614 INFO 45167 [egg:core] dump config after load, 7ms
2020-04-27 13:01:32,630 INFO 45167 [egg-watcher:application] watcher start success
2020-04-27 13:01:32,641 INFO 45167 [egg:core] dump config after ready, 9ms
2020-04-27 13:03:05,241 INFO 45308 [egg:logger] init all loggers with options: {"dir":"/Users/harry/project/applications/one-midway/packages/user/logs/midway-subpackage-user","encoding":"utf8","env":"local","level":"INFO","consoleLevel":"INFO","disableConsoleAfterReady":false,"outputJSON":false,"buffer":true,"appLogName":"midway-web.log","coreLogName":"midway-core.log","agentLogName":"midway-agent.log","errorLogName":"common-error.log","coreLogger":{"consoleLevel":"WARN"},"allowDebugAtProd":false,"type":"application"}
2020-04-27 13:03:05,262 INFO 45308 [egg-multipart] stream mode enable
2020-04-27 13:03:05,332 INFO 45308 [egg-static] starting static serve /public/ -> /Users/harry/project/applications/one-midway/packages/user/src/app/public
2020-04-27 13:03:05,334 INFO 45308 [egg-security] use csrf middleware
2020-04-27 13:03:05,336 INFO 45308 [egg-security] use methodnoallow middleware
2020-04-27 13:03:05,336 INFO 45308 [egg-security] use noopen middleware
2020-04-27 13:03:05,337 INFO 45308 [egg-security] use nosniff middleware
2020-04-27 13:03:05,338 INFO 45308 [egg-security] use xssProtection middleware
2020-04-27 13:03:05,338 INFO 45308 [egg-security] use xframe middleware
2020-04-27 13:03:05,339 INFO 45308 [egg-security] use dta middleware
2020-04-27 13:03:05,339 INFO 45308 [egg-security] compose 7 middlewares into one security middleware
2020-04-27 13:03:05,345 INFO 45308 [egg:core] dump config after load, 5ms
2020-04-27 13:03:05,363 INFO 45308 [egg-watcher:application] watcher start success
2020-04-27 13:03:05,369 INFO 45308 [egg:core] dump config after ready, 5ms
2020-04-27 13:19:08,341 INFO 46476 [egg:logger] init all loggers with options: {"dir":"/Users/harry/project/applications/one-midway/packages/user/logs/midway-subpackage-user","encoding":"utf8","env":"local","level":"INFO","consoleLevel":"INFO","disableConsoleAfterReady":false,"outputJSON":false,"buffer":true,"appLogName":"midway-web.log","coreLogName":"midway-core.log","agentLogName":"midway-agent.log","errorLogName":"common-error.log","coreLogger":{"consoleLevel":"WARN"},"allowDebugAtProd":false,"type":"application"}
2020-04-27 13:19:08,373 INFO 46476 [egg-multipart] stream mode enable
2020-04-27 13:19:08,464 INFO 46476 [egg-static] starting static serve /public/ -> /Users/harry/project/applications/one-midway/packages/user/src/app/public
2020-04-27 13:19:08,466 INFO 46476 [egg-security] use csrf middleware
2020-04-27 13:19:08,467 INFO 46476 [egg-security] use methodnoallow middleware
2020-04-27 13:19:08,468 INFO 46476 [egg-security] use noopen middleware
2020-04-27 13:19:08,469 INFO 46476 [egg-security] use nosniff middleware
2020-04-27 13:19:08,470 INFO 46476 [egg-security] use xssProtection middleware
2020-04-27 13:19:08,472 INFO 46476 [egg-security] use xframe middleware
2020-04-27 13:19:08,473 INFO 46476 [egg-security] use dta middleware
2020-04-27 13:19:08,474 INFO 46476 [egg-security] compose 7 middlewares into one security middleware
2020-04-27 13:19:08,480 INFO 46476 [egg:core] dump config after load, 5ms
2020-04-27 13:19:08,493 INFO 46476 [egg-watcher:application] watcher start success
2020-04-27 13:19:08,500 INFO 46476 [egg:core] dump config after ready, 5ms
2020-04-27 13:22:34,758 INFO 46737 [egg:logger] init all loggers with options: {"dir":"/Users/harry/project/applications/one-midway/packages/user/logs/midway-subpackage-user","encoding":"utf8","env":"local","level":"INFO","consoleLevel":"INFO","disableConsoleAfterReady":false,"outputJSON":false,"buffer":true,"appLogName":"midway-web.log","coreLogName":"midway-core.log","agentLogName":"midway-agent.log","errorLogName":"common-error.log","coreLogger":{"consoleLevel":"WARN"},"allowDebugAtProd":false,"type":"application"}
2020-04-27 13:22:34,799 INFO 46737 [egg-multipart] stream mode enable
2020-04-27 13:22:34,894 INFO 46737 [egg-static] starting static serve /public/ -> /Users/harry/project/applications/one-midway/packages/user/src/app/public
2020-04-27 13:22:34,897 INFO 46737 [egg-security] use csrf middleware
2020-04-27 13:22:34,898 INFO 46737 [egg-security] use methodnoallow middleware
2020-04-27 13:22:34,899 INFO 46737 [egg-security] use noopen middleware
2020-04-27 13:22:34,900 INFO 46737 [egg-security] use nosniff middleware
2020-04-27 13:22:34,901 INFO 46737 [egg-security] use xssProtection middleware
2020-04-27 13:22:34,902 INFO 46737 [egg-security] use xframe middleware
2020-04-27 13:22:34,902 INFO 46737 [egg-security] use dta middleware
2020-04-27 13:22:34,902 INFO 46737 [egg-security] compose 7 middlewares into one security middleware
2020-04-27 13:22:34,909 INFO 46737 [egg:core] dump config after load, 6ms
2020-04-27 13:22:34,930 INFO 46737 [egg-watcher:application] watcher start success
2020-04-27 13:22:34,940 INFO 46737 [egg:core] dump config after ready, 6ms
2020-04-27 13:23:43,472 INFO 46869 [egg:logger] init all loggers with options: {"dir":"/Users/harry/project/applications/one-midway/packages/user/logs/midway-subpackage-user","encoding":"utf8","env":"local","level":"INFO","consoleLevel":"INFO","disableConsoleAfterReady":false,"outputJSON":false,"buffer":true,"appLogName":"midway-web.log","coreLogName":"midway-core.log","agentLogName":"midway-agent.log","errorLogName":"common-error.log","coreLogger":{"consoleLevel":"WARN"},"allowDebugAtProd":false,"type":"application"}
2020-04-27 13:23:43,506 INFO 46869 [egg-multipart] stream mode enable
2020-04-27 13:23:43,594 INFO 46869 [egg-static] starting static serve /public/ -> /Users/harry/project/applications/one-midway/packages/user/src/app/public
2020-04-27 13:23:43,596 INFO 46869 [egg-security] use csrf middleware
2020-04-27 13:23:43,597 INFO 46869 [egg-security] use methodnoallow middleware
2020-04-27 13:23:43,597 INFO 46869 [egg-security] use noopen middleware
2020-04-27 13:23:43,598 INFO 46869 [egg-security] use nosniff middleware
2020-04-27 13:23:43,598 INFO 46869 [egg-security] use xssProtection middleware
2020-04-27 13:23:43,600 INFO 46869 [egg-security] use xframe middleware
2020-04-27 13:23:43,604 INFO 46869 [egg-security] use dta middleware
2020-04-27 13:23:43,604 INFO 46869 [egg-security] compose 7 middlewares into one security middleware
2020-04-27 13:23:43,612 INFO 46869 [egg:core] dump config after load, 7ms
2020-04-27 13:23:43,634 INFO 46869 [egg-watcher:application] watcher start success
2020-04-27 13:23:43,643 INFO 46869 [egg:core] dump config after ready, 7ms
