2020-04-27 14:31:50,834 ERROR 52032 [-/127.0.0.1/-/0ms GET /] nodejs.Error: controller identifier [userController] is exists!
    at AppWorkerLoader.loadMidwayController (/Users/harry/project/applications/one-midway/node_modules/midway-web/src/loader/webLoader.ts:321:17)
    at processTicksAndRejections (internal/process/task_queues.js:97:5)
    at /Users/harry/project/applications/one-midway/node_modules/midway-web/src/loader/loader.ts:31:7

pid: 52032
hostname: HarrydeMacBook-Pro-2.local

2020-04-27 14:35:07,730 ERROR 52259 [-/127.0.0.1/-/0ms GET /] nodejs.Error: controller identifier [userController] is exists!
    at AppWorkerLoader.loadMidwayController (/Users/harry/project/applications/one-midway/node_modules/midway-web/src/loader/webLoader.ts:321:17)
    at processTicksAndRejections (internal/process/task_queues.js:97:5)
    at /Users/harry/project/applications/one-midway/node_modules/midway-web/src/loader/loader.ts:31:7

pid: 52259
hostname: HarrydeMacBook-Pro-2.local

2020-04-27 14:35:30,988 ERROR 52307 [-/127.0.0.1/-/0ms GET /] nodejs.Error: controller identifier [userController] is exists!
    at AppWorkerLoader.loadMidwayController (/Users/harry/project/applications/one-midway/node_modules/midway-web/src/loader/webLoader.ts:321:17)
    at processTicksAndRejections (internal/process/task_queues.js:97:5)
    at /Users/harry/project/applications/one-midway/node_modules/midway-web/src/loader/loader.ts:31:7

pid: 52307
hostname: HarrydeMacBook-Pro-2.local

2020-04-27 14:37:47,816 ERROR 52465 [-/127.0.0.1/-/1ms GET /] nodejs.Error: controller identifier [userController] is exists!
    at AppWorkerLoader.loadMidwayController (/Users/harry/project/applications/one-midway/node_modules/midway-web/src/loader/webLoader.ts:321:17)
    at processTicksAndRejections (internal/process/task_queues.js:97:5)
    at /Users/harry/project/applications/one-midway/node_modules/midway-web/src/loader/loader.ts:31:7

pid: 52465
hostname: HarrydeMacBook-Pro-2.local

2020-04-27 14:42:09,894 ERROR 52812 [-/127.0.0.1/-/9343ms GET /book] nodejs.Error: bookController is not valid in current context
    at MidwayContainer.getAsync (/Users/harry/project/applications/one-midway/node_modules/@midwayjs/core/src/context/applicationContext.ts:212:13)
    at MidwayContainer.getAsync (/Users/harry/project/applications/one-midway/node_modules/@midwayjs/core/src/context/container.ts:171:18)
    at MidwayRequestContainer.getAsync (/Users/harry/project/applications/one-midway/node_modules/@midwayjs/core/src/context/requestContainer.ts:75:26)
    at Object.<anonymous> (/Users/harry/project/applications/one-midway/node_modules/midway-web/src/loader/webLoader.ts:308:51)
    at processTicksAndRejections (internal/process/task_queues.js:97:5)

pid: 52812
hostname: HarrydeMacBook-Pro-2.local

2020-04-27 14:42:13,794 ERROR 52812 [-/127.0.0.1/-/1ms GET /book] nodejs.Error: bookController is not valid in current context
    at MidwayContainer.getAsync (/Users/harry/project/applications/one-midway/node_modules/@midwayjs/core/src/context/applicationContext.ts:212:13)
    at MidwayContainer.getAsync (/Users/harry/project/applications/one-midway/node_modules/@midwayjs/core/src/context/container.ts:171:18)
    at MidwayRequestContainer.getAsync (/Users/harry/project/applications/one-midway/node_modules/@midwayjs/core/src/context/requestContainer.ts:75:26)
    at Object.<anonymous> (/Users/harry/project/applications/one-midway/node_modules/midway-web/src/loader/webLoader.ts:308:51)
    at processTicksAndRejections (internal/process/task_queues.js:97:5)

pid: 52812
hostname: HarrydeMacBook-Pro-2.local

