2020-04-27 13:27:38,731 INFO 47233 [egg-schedule]: register schedule /Users/harry/project/applications/one-midway/node_modules/egg-multipart/app/schedule/clean_tmpdir.js
2020-04-27 13:27:38,731 INFO 47233 [egg-schedule]: register schedule /Users/harry/project/applications/one-midway/node_modules/egg-logrotator/app/schedule/clean_log.js
2020-04-27 13:27:38,731 INFO 47233 [egg-schedule]: register schedule /Users/harry/project/applications/one-midway/node_modules/egg-logrotator/app/schedule/rotate_by_file.js
2020-04-27 13:27:38,839 INFO 47229 [Timer] /Users/harry/project/applications/one-midway/node_modules/egg-multipart/app/schedule/clean_tmpdir.js next time will execute after 54141163ms at 2020-04-28 04:30:00.002
2020-04-27 13:27:38,839 INFO 47229 [Timer] /Users/harry/project/applications/one-midway/node_modules/egg-logrotator/app/schedule/clean_log.js next time will execute after 37941161ms at 2020-04-28 00:00:00.000
2020-04-27 13:27:38,840 INFO 47229 [Timer] /Users/harry/project/applications/one-midway/node_modules/egg-logrotator/app/schedule/rotate_by_file.js next time will execute after 37942161ms at 2020-04-28 00:00:01.001
2020-04-27 13:28:20,850 INFO 47296 [Timer] /Users/harry/project/applications/one-midway/node_modules/egg-multipart/app/schedule/clean_tmpdir.js next time will execute after 54099151ms at 2020-04-28 04:30:00.001
2020-04-27 13:28:20,851 INFO 47296 [Timer] /Users/harry/project/applications/one-midway/node_modules/egg-logrotator/app/schedule/clean_log.js next time will execute after 37899150ms at 2020-04-28 00:00:00.001
2020-04-27 13:28:20,851 INFO 47296 [Timer] /Users/harry/project/applications/one-midway/node_modules/egg-logrotator/app/schedule/rotate_by_file.js next time will execute after 37900149ms at 2020-04-28 00:00:01.000
2020-04-27 13:28:20,759 INFO 47300 [egg-schedule]: register schedule /Users/harry/project/applications/one-midway/node_modules/egg-multipart/app/schedule/clean_tmpdir.js
2020-04-27 13:28:20,759 INFO 47300 [egg-schedule]: register schedule /Users/harry/project/applications/one-midway/node_modules/egg-logrotator/app/schedule/clean_log.js
2020-04-27 13:28:20,759 INFO 47300 [egg-schedule]: register schedule /Users/harry/project/applications/one-midway/node_modules/egg-logrotator/app/schedule/rotate_by_file.js
2020-04-27 13:28:49,872 INFO 47351 [egg-schedule]: register schedule /Users/harry/project/applications/one-midway/node_modules/egg-multipart/app/schedule/clean_tmpdir.js
2020-04-27 13:28:49,872 INFO 47351 [egg-schedule]: register schedule /Users/harry/project/applications/one-midway/node_modules/egg-logrotator/app/schedule/clean_log.js
2020-04-27 13:28:49,872 INFO 47351 [egg-schedule]: register schedule /Users/harry/project/applications/one-midway/node_modules/egg-logrotator/app/schedule/rotate_by_file.js
2020-04-27 13:28:49,998 INFO 47348 [Timer] /Users/harry/project/applications/one-midway/node_modules/egg-multipart/app/schedule/clean_tmpdir.js next time will execute after 54070005ms at 2020-04-28 04:30:00.003
2020-04-27 13:28:49,998 INFO 47348 [Timer] /Users/harry/project/applications/one-midway/node_modules/egg-logrotator/app/schedule/clean_log.js next time will execute after 37870002ms at 2020-04-28 00:00:00.000
2020-04-27 13:28:49,998 INFO 47348 [Timer] /Users/harry/project/applications/one-midway/node_modules/egg-logrotator/app/schedule/rotate_by_file.js next time will execute after 37871002ms at 2020-04-28 00:00:01.000
2020-04-27 13:31:23,424 INFO 47560 [Timer] /Users/harry/project/applications/one-midway/node_modules/egg-multipart/app/schedule/clean_tmpdir.js next time will execute after 53916578ms at 2020-04-28 04:30:00.002
2020-04-27 13:31:23,424 INFO 47560 [Timer] /Users/harry/project/applications/one-midway/node_modules/egg-logrotator/app/schedule/clean_log.js next time will execute after 37716576ms at 2020-04-28 00:00:00.000
2020-04-27 13:31:23,424 INFO 47560 [Timer] /Users/harry/project/applications/one-midway/node_modules/egg-logrotator/app/schedule/rotate_by_file.js next time will execute after 37717576ms at 2020-04-28 00:00:01.000
2020-04-27 13:31:23,313 INFO 47564 [egg-schedule]: register schedule /Users/harry/project/applications/one-midway/node_modules/egg-multipart/app/schedule/clean_tmpdir.js
2020-04-27 13:31:23,313 INFO 47564 [egg-schedule]: register schedule /Users/harry/project/applications/one-midway/node_modules/egg-logrotator/app/schedule/clean_log.js
2020-04-27 13:31:23,313 INFO 47564 [egg-schedule]: register schedule /Users/harry/project/applications/one-midway/node_modules/egg-logrotator/app/schedule/rotate_by_file.js
2020-04-27 13:31:59,826 INFO 47627 [Timer] /Users/harry/project/applications/one-midway/node_modules/egg-multipart/app/schedule/clean_tmpdir.js next time will execute after 53880178ms at 2020-04-28 04:30:00.004
2020-04-27 13:31:59,826 INFO 47627 [Timer] /Users/harry/project/applications/one-midway/node_modules/egg-logrotator/app/schedule/clean_log.js next time will execute after 37680174ms at 2020-04-28 00:00:00.000
2020-04-27 13:31:59,827 INFO 47627 [Timer] /Users/harry/project/applications/one-midway/node_modules/egg-logrotator/app/schedule/rotate_by_file.js next time will execute after 37681174ms at 2020-04-28 00:00:01.001
2020-04-27 13:31:59,716 INFO 47629 [egg-schedule]: register schedule /Users/harry/project/applications/one-midway/node_modules/egg-multipart/app/schedule/clean_tmpdir.js
2020-04-27 13:31:59,716 INFO 47629 [egg-schedule]: register schedule /Users/harry/project/applications/one-midway/node_modules/egg-logrotator/app/schedule/clean_log.js
2020-04-27 13:31:59,716 INFO 47629 [egg-schedule]: register schedule /Users/harry/project/applications/one-midway/node_modules/egg-logrotator/app/schedule/rotate_by_file.js
2020-04-27 13:53:20,226 INFO 49274 [Timer] /Users/harry/project/applications/one-midway/node_modules/egg-multipart/app/schedule/clean_tmpdir.js next time will execute after 52599776ms at 2020-04-28 04:30:00.002
2020-04-27 13:53:20,227 INFO 49274 [Timer] /Users/harry/project/applications/one-midway/node_modules/egg-logrotator/app/schedule/clean_log.js next time will execute after 36399773ms at 2020-04-28 00:00:00.000
2020-04-27 13:53:20,227 INFO 49274 [Timer] /Users/harry/project/applications/one-midway/node_modules/egg-logrotator/app/schedule/rotate_by_file.js next time will execute after 36400773ms at 2020-04-28 00:00:01.000
2020-04-27 13:53:20,076 INFO 49279 [egg-schedule]: register schedule /Users/harry/project/applications/one-midway/node_modules/egg-multipart/app/schedule/clean_tmpdir.js
2020-04-27 13:53:20,076 INFO 49279 [egg-schedule]: register schedule /Users/harry/project/applications/one-midway/node_modules/egg-logrotator/app/schedule/clean_log.js
2020-04-27 13:53:20,076 INFO 49279 [egg-schedule]: register schedule /Users/harry/project/applications/one-midway/node_modules/egg-logrotator/app/schedule/rotate_by_file.js
2020-04-27 14:05:10,660 INFO 50079 [Timer] /Users/harry/project/applications/one-midway/node_modules/egg-multipart/app/schedule/clean_tmpdir.js next time will execute after 51889343ms at 2020-04-28 04:30:00.003
2020-04-27 14:05:10,661 INFO 50079 [Timer] /Users/harry/project/applications/one-midway/node_modules/egg-logrotator/app/schedule/clean_log.js next time will execute after 35689340ms at 2020-04-28 00:00:00.001
2020-04-27 14:05:10,661 INFO 50079 [Timer] /Users/harry/project/applications/one-midway/node_modules/egg-logrotator/app/schedule/rotate_by_file.js next time will execute after 35690339ms at 2020-04-28 00:00:01.000
2020-04-27 14:05:10,505 INFO 50083 [egg-schedule]: register schedule /Users/harry/project/applications/one-midway/node_modules/egg-multipart/app/schedule/clean_tmpdir.js
2020-04-27 14:05:10,505 INFO 50083 [egg-schedule]: register schedule /Users/harry/project/applications/one-midway/node_modules/egg-logrotator/app/schedule/clean_log.js
2020-04-27 14:05:10,505 INFO 50083 [egg-schedule]: register schedule /Users/harry/project/applications/one-midway/node_modules/egg-logrotator/app/schedule/rotate_by_file.js
2020-04-27 14:13:28,838 INFO 50670 [Timer] /Users/harry/project/applications/one-midway/node_modules/egg-multipart/app/schedule/clean_tmpdir.js next time will execute after 51391164ms at 2020-04-28 04:30:00.002
2020-04-27 14:13:28,838 INFO 50670 [Timer] /Users/harry/project/applications/one-midway/node_modules/egg-logrotator/app/schedule/clean_log.js next time will execute after 35191162ms at 2020-04-28 00:00:00.000
2020-04-27 14:13:28,839 INFO 50670 [Timer] /Users/harry/project/applications/one-midway/node_modules/egg-logrotator/app/schedule/rotate_by_file.js next time will execute after 35192162ms at 2020-04-28 00:00:01.001
2020-04-27 14:13:28,589 INFO 50675 [egg-schedule]: register schedule /Users/harry/project/applications/one-midway/node_modules/egg-multipart/app/schedule/clean_tmpdir.js
2020-04-27 14:13:28,589 INFO 50675 [egg-schedule]: register schedule /Users/harry/project/applications/one-midway/node_modules/egg-logrotator/app/schedule/clean_log.js
2020-04-27 14:13:28,589 INFO 50675 [egg-schedule]: register schedule /Users/harry/project/applications/one-midway/node_modules/egg-logrotator/app/schedule/rotate_by_file.js
2020-04-27 14:20:33,093 INFO 51146 [Timer] /Users/harry/project/applications/one-midway/node_modules/egg-multipart/app/schedule/clean_tmpdir.js next time will execute after 50966909ms at 2020-04-28 04:30:00.002
2020-04-27 14:20:33,093 INFO 51146 [Timer] /Users/harry/project/applications/one-midway/node_modules/egg-logrotator/app/schedule/clean_log.js next time will execute after 34766907ms at 2020-04-28 00:00:00.000
2020-04-27 14:20:33,094 INFO 51146 [Timer] /Users/harry/project/applications/one-midway/node_modules/egg-logrotator/app/schedule/rotate_by_file.js next time will execute after 34767907ms at 2020-04-28 00:00:01.001
2020-04-27 14:20:32,909 INFO 51150 [egg-schedule]: register schedule /Users/harry/project/applications/one-midway/node_modules/egg-multipart/app/schedule/clean_tmpdir.js
2020-04-27 14:20:32,909 INFO 51150 [egg-schedule]: register schedule /Users/harry/project/applications/one-midway/node_modules/egg-logrotator/app/schedule/clean_log.js
2020-04-27 14:20:32,909 INFO 51150 [egg-schedule]: register schedule /Users/harry/project/applications/one-midway/node_modules/egg-logrotator/app/schedule/rotate_by_file.js
2020-04-27 14:21:56,199 INFO 51259 [Timer] /Users/harry/project/applications/one-midway/node_modules/egg-multipart/app/schedule/clean_tmpdir.js next time will execute after 50883803ms at 2020-04-28 04:30:00.002
2020-04-27 14:21:56,199 INFO 51259 [Timer] /Users/harry/project/applications/one-midway/node_modules/egg-logrotator/app/schedule/clean_log.js next time will execute after 34683801ms at 2020-04-28 00:00:00.000
2020-04-27 14:21:56,199 INFO 51259 [Timer] /Users/harry/project/applications/one-midway/node_modules/egg-logrotator/app/schedule/rotate_by_file.js next time will execute after 34684801ms at 2020-04-28 00:00:01.000
2020-04-27 14:21:56,041 INFO 51264 [egg-schedule]: register schedule /Users/harry/project/applications/one-midway/node_modules/egg-multipart/app/schedule/clean_tmpdir.js
2020-04-27 14:21:56,041 INFO 51264 [egg-schedule]: register schedule /Users/harry/project/applications/one-midway/node_modules/egg-logrotator/app/schedule/clean_log.js
2020-04-27 14:21:56,041 INFO 51264 [egg-schedule]: register schedule /Users/harry/project/applications/one-midway/node_modules/egg-logrotator/app/schedule/rotate_by_file.js
2020-04-27 14:26:12,163 INFO 51414 [Timer] /Users/harry/project/applications/one-midway/node_modules/egg-multipart/app/schedule/clean_tmpdir.js next time will execute after 50627840ms at 2020-04-28 04:30:00.003
2020-04-27 14:26:12,164 INFO 51414 [Timer] /Users/harry/project/applications/one-midway/node_modules/egg-logrotator/app/schedule/clean_log.js next time will execute after 34427837ms at 2020-04-28 00:00:00.001
2020-04-27 14:26:12,164 INFO 51414 [Timer] /Users/harry/project/applications/one-midway/node_modules/egg-logrotator/app/schedule/rotate_by_file.js next time will execute after 34428836ms at 2020-04-28 00:00:01.000
2020-04-27 14:26:12,011 INFO 51434 [egg-schedule]: register schedule /Users/harry/project/applications/one-midway/node_modules/egg-multipart/app/schedule/clean_tmpdir.js
2020-04-27 14:26:12,011 INFO 51434 [egg-schedule]: register schedule /Users/harry/project/applications/one-midway/node_modules/egg-logrotator/app/schedule/clean_log.js
2020-04-27 14:26:12,011 INFO 51434 [egg-schedule]: register schedule /Users/harry/project/applications/one-midway/node_modules/egg-logrotator/app/schedule/rotate_by_file.js
2020-04-27 14:26:20,900 INFO 51581 [Timer] /Users/harry/project/applications/one-midway/node_modules/egg-multipart/app/schedule/clean_tmpdir.js next time will execute after 50619102ms at 2020-04-28 04:30:00.002
2020-04-27 14:26:20,900 INFO 51581 [Timer] /Users/harry/project/applications/one-midway/node_modules/egg-logrotator/app/schedule/clean_log.js next time will execute after 34419100ms at 2020-04-28 00:00:00.000
2020-04-27 14:26:20,901 INFO 51581 [Timer] /Users/harry/project/applications/one-midway/node_modules/egg-logrotator/app/schedule/rotate_by_file.js next time will execute after 34420100ms at 2020-04-28 00:00:01.001
2020-04-27 14:26:20,786 INFO 51585 [egg-schedule]: register schedule /Users/harry/project/applications/one-midway/node_modules/egg-multipart/app/schedule/clean_tmpdir.js
2020-04-27 14:26:20,786 INFO 51585 [egg-schedule]: register schedule /Users/harry/project/applications/one-midway/node_modules/egg-logrotator/app/schedule/clean_log.js
2020-04-27 14:26:20,786 INFO 51585 [egg-schedule]: register schedule /Users/harry/project/applications/one-midway/node_modules/egg-logrotator/app/schedule/rotate_by_file.js
2020-04-27 14:26:44,247 INFO 51617 [Timer] /Users/harry/project/applications/one-midway/node_modules/egg-multipart/app/schedule/clean_tmpdir.js next time will execute after 50595756ms at 2020-04-28 04:30:00.003
2020-04-27 14:26:44,247 INFO 51617 [Timer] /Users/harry/project/applications/one-midway/node_modules/egg-logrotator/app/schedule/clean_log.js next time will execute after 34395753ms at 2020-04-28 00:00:00.000
2020-04-27 14:26:44,247 INFO 51617 [Timer] /Users/harry/project/applications/one-midway/node_modules/egg-logrotator/app/schedule/rotate_by_file.js next time will execute after 34396753ms at 2020-04-28 00:00:01.000
2020-04-27 14:26:44,115 INFO 51621 [egg-schedule]: register schedule /Users/harry/project/applications/one-midway/node_modules/egg-multipart/app/schedule/clean_tmpdir.js
2020-04-27 14:26:44,115 INFO 51621 [egg-schedule]: register schedule /Users/harry/project/applications/one-midway/node_modules/egg-logrotator/app/schedule/clean_log.js
2020-04-27 14:26:44,115 INFO 51621 [egg-schedule]: register schedule /Users/harry/project/applications/one-midway/node_modules/egg-logrotator/app/schedule/rotate_by_file.js
2020-04-27 14:31:50,667 INFO 52032 [egg-schedule]: register schedule /Users/harry/project/applications/one-midway/node_modules/egg-multipart/app/schedule/clean_tmpdir.js
2020-04-27 14:31:50,667 INFO 52032 [egg-schedule]: register schedule /Users/harry/project/applications/one-midway/node_modules/egg-logrotator/app/schedule/clean_log.js
2020-04-27 14:31:50,667 INFO 52032 [egg-schedule]: register schedule /Users/harry/project/applications/one-midway/node_modules/egg-logrotator/app/schedule/rotate_by_file.js
2020-04-27 14:34:54,918 INFO 52259 [egg-schedule]: register schedule /Users/harry/project/applications/one-midway/node_modules/egg-multipart/app/schedule/clean_tmpdir.js
2020-04-27 14:34:54,918 INFO 52259 [egg-schedule]: register schedule /Users/harry/project/applications/one-midway/node_modules/egg-logrotator/app/schedule/clean_log.js
2020-04-27 14:34:54,918 INFO 52259 [egg-schedule]: register schedule /Users/harry/project/applications/one-midway/node_modules/egg-logrotator/app/schedule/rotate_by_file.js
2020-04-27 14:35:27,560 INFO 52307 [egg-schedule]: register schedule /Users/harry/project/applications/one-midway/node_modules/egg-multipart/app/schedule/clean_tmpdir.js
2020-04-27 14:35:27,560 INFO 52307 [egg-schedule]: register schedule /Users/harry/project/applications/one-midway/node_modules/egg-logrotator/app/schedule/clean_log.js
2020-04-27 14:35:27,560 INFO 52307 [egg-schedule]: register schedule /Users/harry/project/applications/one-midway/node_modules/egg-logrotator/app/schedule/rotate_by_file.js
2020-04-27 14:37:43,041 INFO 52465 [egg-schedule]: register schedule /Users/harry/project/applications/one-midway/node_modules/egg-multipart/app/schedule/clean_tmpdir.js
2020-04-27 14:37:43,041 INFO 52465 [egg-schedule]: register schedule /Users/harry/project/applications/one-midway/node_modules/egg-logrotator/app/schedule/clean_log.js
2020-04-27 14:37:43,041 INFO 52465 [egg-schedule]: register schedule /Users/harry/project/applications/one-midway/node_modules/egg-logrotator/app/schedule/rotate_by_file.js
2020-04-27 14:41:56,448 INFO 52808 [Timer] /Users/harry/project/applications/one-midway/node_modules/egg-multipart/app/schedule/clean_tmpdir.js next time will execute after 49683554ms at 2020-04-28 04:30:00.002
2020-04-27 14:41:56,448 INFO 52808 [Timer] /Users/harry/project/applications/one-midway/node_modules/egg-logrotator/app/schedule/clean_log.js next time will execute after 33483552ms at 2020-04-28 00:00:00.000
2020-04-27 14:41:56,448 INFO 52808 [Timer] /Users/harry/project/applications/one-midway/node_modules/egg-logrotator/app/schedule/rotate_by_file.js next time will execute after 33484552ms at 2020-04-28 00:00:01.000
2020-04-27 14:41:56,288 INFO 52812 [egg-schedule]: register schedule /Users/harry/project/applications/one-midway/node_modules/egg-multipart/app/schedule/clean_tmpdir.js
2020-04-27 14:41:56,288 INFO 52812 [egg-schedule]: register schedule /Users/harry/project/applications/one-midway/node_modules/egg-logrotator/app/schedule/clean_log.js
2020-04-27 14:41:56,288 INFO 52812 [egg-schedule]: register schedule /Users/harry/project/applications/one-midway/node_modules/egg-logrotator/app/schedule/rotate_by_file.js
