2020-04-27 13:27:38,705 INFO 47233 [egg:logger] init all loggers with options: {"dir":"/Users/harry/project/applications/one-midway/packages/main/logs/midway-demo-main","encoding":"utf8","env":"local","level":"INFO","consoleLevel":"INFO","disableConsoleAfterReady":false,"outputJSON":false,"buffer":true,"appLogName":"midway-web.log","coreLogName":"midway-core.log","agentLogName":"midway-agent.log","errorLogName":"common-error.log","coreLogger":{"consoleLevel":"WARN"},"allowDebugAtProd":false,"type":"application"}
2020-04-27 13:27:38,732 INFO 47233 [egg-multipart] stream mode enable
2020-04-27 13:27:38,798 INFO 47233 [egg-static] starting static serve /public/ -> /Users/harry/project/applications/one-midway/packages/main/src/app/public
2020-04-27 13:27:38,800 INFO 47233 [egg-security] use csrf middleware
2020-04-27 13:27:38,801 INFO 47233 [egg-security] use methodnoallow middleware
2020-04-27 13:27:38,801 INFO 47233 [egg-security] use noopen middleware
2020-04-27 13:27:38,802 INFO 47233 [egg-security] use nosniff middleware
2020-04-27 13:27:38,803 INFO 47233 [egg-security] use xssProtection middleware
2020-04-27 13:27:38,804 INFO 47233 [egg-security] use xframe middleware
2020-04-27 13:27:38,805 INFO 47233 [egg-security] use dta middleware
2020-04-27 13:27:38,805 INFO 47233 [egg-security] compose 7 middlewares into one security middleware
2020-04-27 13:27:38,814 INFO 47233 [egg:core] dump config after load, 8ms
2020-04-27 13:27:38,826 INFO 47233 [egg-watcher:application] watcher start success
2020-04-27 13:27:38,835 INFO 47233 [egg:core] dump config after ready, 7ms
2020-04-27 13:28:20,726 INFO 47300 [egg:logger] init all loggers with options: {"dir":"/Users/harry/project/applications/one-midway/packages/main/logs/midway-demo-main","encoding":"utf8","env":"local","level":"INFO","consoleLevel":"INFO","disableConsoleAfterReady":false,"outputJSON":false,"buffer":true,"appLogName":"midway-web.log","coreLogName":"midway-core.log","agentLogName":"midway-agent.log","errorLogName":"common-error.log","coreLogger":{"consoleLevel":"WARN"},"allowDebugAtProd":false,"type":"application"}
2020-04-27 13:28:20,759 INFO 47300 [egg-multipart] stream mode enable
2020-04-27 13:28:20,809 INFO 47300 [egg-static] starting static serve /public/ -> /Users/harry/project/applications/one-midway/packages/main/src/app/public
2020-04-27 13:28:20,811 INFO 47300 [egg-security] use csrf middleware
2020-04-27 13:28:20,812 INFO 47300 [egg-security] use methodnoallow middleware
2020-04-27 13:28:20,812 INFO 47300 [egg-security] use noopen middleware
2020-04-27 13:28:20,813 INFO 47300 [egg-security] use nosniff middleware
2020-04-27 13:28:20,813 INFO 47300 [egg-security] use xssProtection middleware
2020-04-27 13:28:20,814 INFO 47300 [egg-security] use xframe middleware
2020-04-27 13:28:20,815 INFO 47300 [egg-security] use dta middleware
2020-04-27 13:28:20,815 INFO 47300 [egg-security] compose 7 middlewares into one security middleware
2020-04-27 13:28:20,820 INFO 47300 [egg:core] dump config after load, 5ms
2020-04-27 13:28:20,836 INFO 47300 [egg-watcher:application] watcher start success
2020-04-27 13:28:20,845 INFO 47300 [egg:core] dump config after ready, 8ms
2020-04-27 13:28:49,851 INFO 47351 [egg:logger] init all loggers with options: {"dir":"/Users/harry/project/applications/one-midway/packages/main/logs/midway-demo-main","encoding":"utf8","env":"local","level":"INFO","consoleLevel":"INFO","disableConsoleAfterReady":false,"outputJSON":false,"buffer":true,"appLogName":"midway-web.log","coreLogName":"midway-core.log","agentLogName":"midway-agent.log","errorLogName":"common-error.log","coreLogger":{"consoleLevel":"WARN"},"allowDebugAtProd":false,"type":"application"}
2020-04-27 13:28:49,873 INFO 47351 [egg-multipart] stream mode enable
2020-04-27 13:28:49,950 INFO 47351 [egg-static] starting static serve /public/ -> /Users/harry/project/applications/one-midway/packages/main/src/app/public
2020-04-27 13:28:49,952 INFO 47351 [egg-security] use csrf middleware
2020-04-27 13:28:49,954 INFO 47351 [egg-security] use methodnoallow middleware
2020-04-27 13:28:49,955 INFO 47351 [egg-security] use noopen middleware
2020-04-27 13:28:49,957 INFO 47351 [egg-security] use nosniff middleware
2020-04-27 13:28:49,958 INFO 47351 [egg-security] use xssProtection middleware
2020-04-27 13:28:49,959 INFO 47351 [egg-security] use xframe middleware
2020-04-27 13:28:49,960 INFO 47351 [egg-security] use dta middleware
2020-04-27 13:28:49,960 INFO 47351 [egg-security] compose 7 middlewares into one security middleware
2020-04-27 13:28:49,969 INFO 47351 [egg:core] dump config after load, 8ms
2020-04-27 13:28:49,983 INFO 47351 [egg-watcher:application] watcher start success
2020-04-27 13:28:49,992 INFO 47351 [egg:core] dump config after ready, 8ms
2020-04-27 13:31:23,292 INFO 47564 [egg:logger] init all loggers with options: {"dir":"/Users/harry/project/applications/one-midway/packages/main/logs/midway-demo-main","encoding":"utf8","env":"local","level":"INFO","consoleLevel":"INFO","disableConsoleAfterReady":false,"outputJSON":false,"buffer":true,"appLogName":"midway-web.log","coreLogName":"midway-core.log","agentLogName":"midway-agent.log","errorLogName":"common-error.log","coreLogger":{"consoleLevel":"WARN"},"allowDebugAtProd":false,"type":"application"}
2020-04-27 13:31:23,313 INFO 47564 [egg-multipart] stream mode enable
2020-04-27 13:31:23,381 INFO 47564 [egg-static] starting static serve /public/ -> /Users/harry/project/applications/one-midway/packages/main/src/app/public
2020-04-27 13:31:23,383 INFO 47564 [egg-security] use csrf middleware
2020-04-27 13:31:23,384 INFO 47564 [egg-security] use methodnoallow middleware
2020-04-27 13:31:23,385 INFO 47564 [egg-security] use noopen middleware
2020-04-27 13:31:23,386 INFO 47564 [egg-security] use nosniff middleware
2020-04-27 13:31:23,386 INFO 47564 [egg-security] use xssProtection middleware
2020-04-27 13:31:23,387 INFO 47564 [egg-security] use xframe middleware
2020-04-27 13:31:23,388 INFO 47564 [egg-security] use dta middleware
2020-04-27 13:31:23,388 INFO 47564 [egg-security] compose 7 middlewares into one security middleware
2020-04-27 13:31:23,395 INFO 47564 [egg:core] dump config after load, 6ms
2020-04-27 13:31:23,410 INFO 47564 [egg-watcher:application] watcher start success
2020-04-27 13:31:23,419 INFO 47564 [egg:core] dump config after ready, 8ms
2020-04-27 13:31:59,693 INFO 47629 [egg:logger] init all loggers with options: {"dir":"/Users/harry/project/applications/one-midway/packages/main/logs/midway-demo-main","encoding":"utf8","env":"local","level":"INFO","consoleLevel":"INFO","disableConsoleAfterReady":false,"outputJSON":false,"buffer":true,"appLogName":"midway-web.log","coreLogName":"midway-core.log","agentLogName":"midway-agent.log","errorLogName":"common-error.log","coreLogger":{"consoleLevel":"WARN"},"allowDebugAtProd":false,"type":"application"}
2020-04-27 13:31:59,717 INFO 47629 [egg-multipart] stream mode enable
2020-04-27 13:31:59,780 INFO 47629 [egg-static] starting static serve /public/ -> /Users/harry/project/applications/one-midway/packages/main/src/app/public
2020-04-27 13:31:59,782 INFO 47629 [egg-security] use csrf middleware
2020-04-27 13:31:59,783 INFO 47629 [egg-security] use methodnoallow middleware
2020-04-27 13:31:59,784 INFO 47629 [egg-security] use noopen middleware
2020-04-27 13:31:59,785 INFO 47629 [egg-security] use nosniff middleware
2020-04-27 13:31:59,786 INFO 47629 [egg-security] use xssProtection middleware
2020-04-27 13:31:59,787 INFO 47629 [egg-security] use xframe middleware
2020-04-27 13:31:59,788 INFO 47629 [egg-security] use dta middleware
2020-04-27 13:31:59,788 INFO 47629 [egg-security] compose 7 middlewares into one security middleware
2020-04-27 13:31:59,794 INFO 47629 [egg:core] dump config after load, 5ms
2020-04-27 13:31:59,809 INFO 47629 [egg-watcher:application] watcher start success
2020-04-27 13:31:59,818 INFO 47629 [egg:core] dump config after ready, 7ms
2020-04-27 13:53:20,036 INFO 49279 [egg:logger] init all loggers with options: {"dir":"/Users/harry/project/applications/one-midway/packages/main/logs/midway-demo-main","encoding":"utf8","env":"local","level":"INFO","consoleLevel":"INFO","disableConsoleAfterReady":false,"outputJSON":false,"buffer":true,"appLogName":"midway-web.log","coreLogName":"midway-core.log","agentLogName":"midway-agent.log","errorLogName":"common-error.log","coreLogger":{"consoleLevel":"WARN"},"allowDebugAtProd":false,"type":"application"}
2020-04-27 13:53:20,077 INFO 49279 [egg-multipart] stream mode enable
2020-04-27 13:53:20,181 INFO 49279 [egg-static] starting static serve /public/ -> /Users/harry/project/applications/one-midway/packages/main/src/app/public
2020-04-27 13:53:20,184 INFO 49279 [egg-security] use csrf middleware
2020-04-27 13:53:20,186 INFO 49279 [egg-security] use methodnoallow middleware
2020-04-27 13:53:20,187 INFO 49279 [egg-security] use noopen middleware
2020-04-27 13:53:20,189 INFO 49279 [egg-security] use nosniff middleware
2020-04-27 13:53:20,190 INFO 49279 [egg-security] use xssProtection middleware
2020-04-27 13:53:20,191 INFO 49279 [egg-security] use xframe middleware
2020-04-27 13:53:20,192 INFO 49279 [egg-security] use dta middleware
2020-04-27 13:53:20,192 INFO 49279 [egg-security] compose 7 middlewares into one security middleware
2020-04-27 13:53:20,199 INFO 49279 [egg:core] dump config after load, 6ms
2020-04-27 13:53:20,214 INFO 49279 [egg-watcher:application] watcher start success
2020-04-27 13:53:20,221 INFO 49279 [egg:core] dump config after ready, 5ms
2020-04-27 14:05:10,476 INFO 50083 [egg:logger] init all loggers with options: {"dir":"/Users/harry/project/applications/one-midway/packages/main/logs/midway-demo-main","encoding":"utf8","env":"local","level":"INFO","consoleLevel":"INFO","disableConsoleAfterReady":false,"outputJSON":false,"buffer":true,"appLogName":"midway-web.log","coreLogName":"midway-core.log","agentLogName":"midway-agent.log","errorLogName":"common-error.log","coreLogger":{"consoleLevel":"WARN"},"allowDebugAtProd":false,"type":"application"}
2020-04-27 14:05:10,505 INFO 50083 [egg-multipart] stream mode enable
2020-04-27 14:05:10,606 INFO 50083 [egg-static] starting static serve /public/ -> /Users/harry/project/applications/one-midway/packages/main/src/app/public
2020-04-27 14:05:10,609 INFO 50083 [egg-security] use csrf middleware
2020-04-27 14:05:10,610 INFO 50083 [egg-security] use methodnoallow middleware
2020-04-27 14:05:10,611 INFO 50083 [egg-security] use noopen middleware
2020-04-27 14:05:10,612 INFO 50083 [egg-security] use nosniff middleware
2020-04-27 14:05:10,613 INFO 50083 [egg-security] use xssProtection middleware
2020-04-27 14:05:10,614 INFO 50083 [egg-security] use xframe middleware
2020-04-27 14:05:10,615 INFO 50083 [egg-security] use dta middleware
2020-04-27 14:05:10,615 INFO 50083 [egg-security] compose 7 middlewares into one security middleware
2020-04-27 14:05:10,622 INFO 50083 [egg:core] dump config after load, 6ms
2020-04-27 14:05:10,638 INFO 50083 [egg-watcher:application] watcher start success
2020-04-27 14:05:10,645 INFO 50083 [egg:core] dump config after ready, 5ms
2020-04-27 14:13:28,547 INFO 50675 [egg:logger] init all loggers with options: {"dir":"/Users/harry/project/applications/one-midway/packages/main/logs/midway-demo-main","encoding":"utf8","env":"local","level":"INFO","consoleLevel":"INFO","disableConsoleAfterReady":false,"outputJSON":false,"buffer":true,"appLogName":"midway-web.log","coreLogName":"midway-core.log","agentLogName":"midway-agent.log","errorLogName":"common-error.log","coreLogger":{"consoleLevel":"WARN"},"allowDebugAtProd":false,"type":"application"}
2020-04-27 14:13:28,590 INFO 50675 [egg-multipart] stream mode enable
2020-04-27 14:13:28,701 INFO 50675 [egg-static] starting static serve /public/ -> /Users/harry/project/applications/one-midway/packages/main/src/app/public
2020-04-27 14:13:28,704 INFO 50675 [egg-security] use csrf middleware
2020-04-27 14:13:28,705 INFO 50675 [egg-security] use methodnoallow middleware
2020-04-27 14:13:28,706 INFO 50675 [egg-security] use noopen middleware
2020-04-27 14:13:28,707 INFO 50675 [egg-security] use nosniff middleware
2020-04-27 14:13:28,708 INFO 50675 [egg-security] use xssProtection middleware
2020-04-27 14:13:28,709 INFO 50675 [egg-security] use xframe middleware
2020-04-27 14:13:28,710 INFO 50675 [egg-security] use dta middleware
2020-04-27 14:13:28,710 INFO 50675 [egg-security] compose 7 middlewares into one security middleware
2020-04-27 14:13:28,716 INFO 50675 [egg:core] dump config after load, 5ms
2020-04-27 14:13:28,801 INFO 50675 [egg-watcher:application] watcher start success
2020-04-27 14:13:28,830 INFO 50675 [egg:core] dump config after ready, 19ms
2020-04-27 14:20:32,876 INFO 51150 [egg:logger] init all loggers with options: {"dir":"/Users/harry/project/applications/one-midway/packages/main/logs/midway-demo-main","encoding":"utf8","env":"local","level":"INFO","consoleLevel":"INFO","disableConsoleAfterReady":false,"outputJSON":false,"buffer":true,"appLogName":"midway-web.log","coreLogName":"midway-core.log","agentLogName":"midway-agent.log","errorLogName":"common-error.log","coreLogger":{"consoleLevel":"WARN"},"allowDebugAtProd":false,"type":"application"}
2020-04-27 14:20:32,910 INFO 51150 [egg-multipart] stream mode enable
2020-04-27 14:20:33,011 INFO 51150 [egg-static] starting static serve /public/ -> /Users/harry/project/applications/one-midway/packages/main/src/app/public
2020-04-27 14:20:33,013 INFO 51150 [egg-security] use csrf middleware
2020-04-27 14:20:33,015 INFO 51150 [egg-security] use methodnoallow middleware
2020-04-27 14:20:33,015 INFO 51150 [egg-security] use noopen middleware
2020-04-27 14:20:33,016 INFO 51150 [egg-security] use nosniff middleware
2020-04-27 14:20:33,018 INFO 51150 [egg-security] use xssProtection middleware
2020-04-27 14:20:33,026 INFO 51150 [egg-security] use xframe middleware
2020-04-27 14:20:33,027 INFO 51150 [egg-security] use dta middleware
2020-04-27 14:20:33,027 INFO 51150 [egg-security] compose 7 middlewares into one security middleware
2020-04-27 14:20:33,034 INFO 51150 [egg:core] dump config after load, 6ms
2020-04-27 14:20:33,066 INFO 51150 [egg-watcher:application] watcher start success
2020-04-27 14:20:33,077 INFO 51150 [egg:core] dump config after ready, 7ms
2020-04-27 14:21:56,010 INFO 51264 [egg:logger] init all loggers with options: {"dir":"/Users/harry/project/applications/one-midway/packages/main/logs/midway-demo-main","encoding":"utf8","env":"local","level":"INFO","consoleLevel":"INFO","disableConsoleAfterReady":false,"outputJSON":false,"buffer":true,"appLogName":"midway-web.log","coreLogName":"midway-core.log","agentLogName":"midway-agent.log","errorLogName":"common-error.log","coreLogger":{"consoleLevel":"WARN"},"allowDebugAtProd":false,"type":"application"}
2020-04-27 14:21:56,042 INFO 51264 [egg-multipart] stream mode enable
2020-04-27 14:21:56,128 INFO 51264 [egg-static] starting static serve /public/ -> /Users/harry/project/applications/one-midway/packages/main/src/app/public
2020-04-27 14:21:56,130 INFO 51264 [egg-security] use csrf middleware
2020-04-27 14:21:56,132 INFO 51264 [egg-security] use methodnoallow middleware
2020-04-27 14:21:56,133 INFO 51264 [egg-security] use noopen middleware
2020-04-27 14:21:56,134 INFO 51264 [egg-security] use nosniff middleware
2020-04-27 14:21:56,135 INFO 51264 [egg-security] use xssProtection middleware
2020-04-27 14:21:56,136 INFO 51264 [egg-security] use xframe middleware
2020-04-27 14:21:56,137 INFO 51264 [egg-security] use dta middleware
2020-04-27 14:21:56,137 INFO 51264 [egg-security] compose 7 middlewares into one security middleware
2020-04-27 14:21:56,144 INFO 51264 [egg:core] dump config after load, 5ms
2020-04-27 14:21:56,175 INFO 51264 [egg-watcher:application] watcher start success
2020-04-27 14:21:56,192 INFO 51264 [egg:core] dump config after ready, 13ms
2020-04-27 14:26:11,965 INFO 51434 [egg:logger] init all loggers with options: {"dir":"/Users/harry/project/applications/one-midway/packages/main/logs/midway-demo-main","encoding":"utf8","env":"local","level":"INFO","consoleLevel":"INFO","disableConsoleAfterReady":false,"outputJSON":false,"buffer":true,"appLogName":"midway-web.log","coreLogName":"midway-core.log","agentLogName":"midway-agent.log","errorLogName":"common-error.log","coreLogger":{"consoleLevel":"WARN"},"allowDebugAtProd":false,"type":"application"}
2020-04-27 14:26:12,013 INFO 51434 [egg-multipart] stream mode enable
2020-04-27 14:26:12,096 INFO 51434 [egg-static] starting static serve /public/ -> /Users/harry/project/applications/one-midway/packages/main/src/app/public
2020-04-27 14:26:12,099 INFO 51434 [egg-security] use csrf middleware
2020-04-27 14:26:12,100 INFO 51434 [egg-security] use methodnoallow middleware
2020-04-27 14:26:12,101 INFO 51434 [egg-security] use noopen middleware
2020-04-27 14:26:12,102 INFO 51434 [egg-security] use nosniff middleware
2020-04-27 14:26:12,103 INFO 51434 [egg-security] use xssProtection middleware
2020-04-27 14:26:12,104 INFO 51434 [egg-security] use xframe middleware
2020-04-27 14:26:12,105 INFO 51434 [egg-security] use dta middleware
2020-04-27 14:26:12,105 INFO 51434 [egg-security] compose 7 middlewares into one security middleware
2020-04-27 14:26:12,112 INFO 51434 [egg:core] dump config after load, 6ms
2020-04-27 14:26:12,144 INFO 51434 [egg-watcher:application] watcher start success
2020-04-27 14:26:12,151 INFO 51434 [egg:core] dump config after ready, 4ms
2020-04-27 14:26:20,750 INFO 51585 [egg:logger] init all loggers with options: {"dir":"/Users/harry/project/applications/one-midway/packages/main/logs/midway-demo-main","encoding":"utf8","env":"local","level":"INFO","consoleLevel":"INFO","disableConsoleAfterReady":false,"outputJSON":false,"buffer":true,"appLogName":"midway-web.log","coreLogName":"midway-core.log","agentLogName":"midway-agent.log","errorLogName":"common-error.log","coreLogger":{"consoleLevel":"WARN"},"allowDebugAtProd":false,"type":"application"}
2020-04-27 14:26:20,786 INFO 51585 [egg-multipart] stream mode enable
2020-04-27 14:26:20,841 INFO 51585 [egg-static] starting static serve /public/ -> /Users/harry/project/applications/one-midway/packages/main/src/app/public
2020-04-27 14:26:20,843 INFO 51585 [egg-security] use csrf middleware
2020-04-27 14:26:20,844 INFO 51585 [egg-security] use methodnoallow middleware
2020-04-27 14:26:20,844 INFO 51585 [egg-security] use noopen middleware
2020-04-27 14:26:20,845 INFO 51585 [egg-security] use nosniff middleware
2020-04-27 14:26:20,846 INFO 51585 [egg-security] use xssProtection middleware
2020-04-27 14:26:20,846 INFO 51585 [egg-security] use xframe middleware
2020-04-27 14:26:20,847 INFO 51585 [egg-security] use dta middleware
2020-04-27 14:26:20,847 INFO 51585 [egg-security] compose 7 middlewares into one security middleware
2020-04-27 14:26:20,852 INFO 51585 [egg:core] dump config after load, 4ms
2020-04-27 14:26:20,875 INFO 51585 [egg-watcher:application] watcher start success
2020-04-27 14:26:20,894 INFO 51585 [egg:core] dump config after ready, 6ms
2020-04-27 14:26:44,085 INFO 51621 [egg:logger] init all loggers with options: {"dir":"/Users/harry/project/applications/one-midway/packages/main/logs/midway-demo-main","encoding":"utf8","env":"local","level":"INFO","consoleLevel":"INFO","disableConsoleAfterReady":false,"outputJSON":false,"buffer":true,"appLogName":"midway-web.log","coreLogName":"midway-core.log","agentLogName":"midway-agent.log","errorLogName":"common-error.log","coreLogger":{"consoleLevel":"WARN"},"allowDebugAtProd":false,"type":"application"}
2020-04-27 14:26:44,116 INFO 51621 [egg-multipart] stream mode enable
2020-04-27 14:26:44,176 INFO 51621 [egg-static] starting static serve /public/ -> /Users/harry/project/applications/one-midway/packages/main/src/app/public
2020-04-27 14:26:44,178 INFO 51621 [egg-security] use csrf middleware
2020-04-27 14:26:44,178 INFO 51621 [egg-security] use methodnoallow middleware
2020-04-27 14:26:44,179 INFO 51621 [egg-security] use noopen middleware
2020-04-27 14:26:44,179 INFO 51621 [egg-security] use nosniff middleware
2020-04-27 14:26:44,180 INFO 51621 [egg-security] use xssProtection middleware
2020-04-27 14:26:44,180 INFO 51621 [egg-security] use xframe middleware
2020-04-27 14:26:44,181 INFO 51621 [egg-security] use dta middleware
2020-04-27 14:26:44,181 INFO 51621 [egg-security] compose 7 middlewares into one security middleware
2020-04-27 14:26:44,187 INFO 51621 [egg:core] dump config after load, 5ms
2020-04-27 14:26:44,219 INFO 51621 [egg-watcher:application] watcher start success
2020-04-27 14:26:44,241 INFO 51621 [egg:core] dump config after ready, 17ms
2020-04-27 14:31:50,624 INFO 52032 [egg:logger] init all loggers with options: {"dir":"/Users/harry/project/applications/one-midway/packages/main/logs/midway-demo-main","encoding":"utf8","env":"local","level":"INFO","consoleLevel":"INFO","disableConsoleAfterReady":false,"outputJSON":false,"buffer":true,"appLogName":"midway-web.log","coreLogName":"midway-core.log","agentLogName":"midway-agent.log","errorLogName":"common-error.log","coreLogger":{"consoleLevel":"WARN"},"allowDebugAtProd":false,"type":"application"}
2020-04-27 14:31:50,667 INFO 52032 [egg-multipart] stream mode enable
2020-04-27 14:31:50,773 INFO 52032 [egg-static] starting static serve /public/ -> /Users/harry/project/applications/one-midway/packages/main/src/app/public
2020-04-27 14:31:50,775 INFO 52032 [egg-security] use csrf middleware
2020-04-27 14:31:50,776 INFO 52032 [egg-security] use methodnoallow middleware
2020-04-27 14:31:50,778 INFO 52032 [egg-security] use noopen middleware
2020-04-27 14:31:50,779 INFO 52032 [egg-security] use nosniff middleware
2020-04-27 14:31:50,781 INFO 52032 [egg-security] use xssProtection middleware
2020-04-27 14:31:50,782 INFO 52032 [egg-security] use xframe middleware
2020-04-27 14:31:50,783 INFO 52032 [egg-security] use dta middleware
2020-04-27 14:31:50,783 INFO 52032 [egg-security] compose 7 middlewares into one security middleware
2020-04-27 14:31:50,790 INFO 52032 [egg:core] dump config after load, 6ms
2020-04-27 14:31:50,842 INFO 52032 [egg:core] dump config after ready, 5ms
2020-04-27 14:31:50,852 INFO 52032 [egg-watcher:application] watcher start success
2020-04-27 14:34:54,886 INFO 52259 [egg:logger] init all loggers with options: {"dir":"/Users/harry/project/applications/one-midway/packages/main/logs/midway-demo-main","encoding":"utf8","env":"local","level":"INFO","consoleLevel":"INFO","disableConsoleAfterReady":false,"outputJSON":false,"buffer":true,"appLogName":"midway-web.log","coreLogName":"midway-core.log","agentLogName":"midway-agent.log","errorLogName":"common-error.log","coreLogger":{"consoleLevel":"WARN"},"allowDebugAtProd":false,"type":"application"}
2020-04-27 14:34:54,919 INFO 52259 [egg-multipart] stream mode enable
2020-04-27 14:34:54,970 INFO 52259 [egg-static] starting static serve /public/ -> /Users/harry/project/applications/one-midway/packages/main/src/app/public
2020-04-27 14:34:54,977 INFO 52259 [egg-security] use csrf middleware
2020-04-27 14:34:54,999 INFO 52259 [egg-security] use methodnoallow middleware
2020-04-27 14:34:55,027 INFO 52259 [egg-security] use noopen middleware
2020-04-27 14:34:55,028 INFO 52259 [egg-security] use nosniff middleware
2020-04-27 14:34:55,029 INFO 52259 [egg-security] use xssProtection middleware
2020-04-27 14:34:55,031 INFO 52259 [egg-security] use xframe middleware
2020-04-27 14:34:55,032 INFO 52259 [egg-security] use dta middleware
2020-04-27 14:34:55,032 INFO 52259 [egg-security] compose 7 middlewares into one security middleware
2020-04-27 14:34:55,040 INFO 52259 [egg:core] dump config after load, 7ms
2020-04-27 14:35:07,747 INFO 52259 [egg:core] dump config after ready, 4ms
2020-04-27 14:35:07,754 INFO 52259 [egg-watcher:application] watcher start success
2020-04-27 14:35:27,521 INFO 52307 [egg:logger] init all loggers with options: {"dir":"/Users/harry/project/applications/one-midway/packages/main/logs/midway-demo-main","encoding":"utf8","env":"local","level":"INFO","consoleLevel":"INFO","disableConsoleAfterReady":false,"outputJSON":false,"buffer":true,"appLogName":"midway-web.log","coreLogName":"midway-core.log","agentLogName":"midway-agent.log","errorLogName":"common-error.log","coreLogger":{"consoleLevel":"WARN"},"allowDebugAtProd":false,"type":"application"}
2020-04-27 14:35:27,561 INFO 52307 [egg-multipart] stream mode enable
2020-04-27 14:35:27,666 INFO 52307 [egg-static] starting static serve /public/ -> /Users/harry/project/applications/one-midway/packages/main/src/app/public
2020-04-27 14:35:27,668 INFO 52307 [egg-security] use csrf middleware
2020-04-27 14:35:27,669 INFO 52307 [egg-security] use methodnoallow middleware
2020-04-27 14:35:27,670 INFO 52307 [egg-security] use noopen middleware
2020-04-27 14:35:27,671 INFO 52307 [egg-security] use nosniff middleware
2020-04-27 14:35:27,672 INFO 52307 [egg-security] use xssProtection middleware
2020-04-27 14:35:27,674 INFO 52307 [egg-security] use xframe middleware
2020-04-27 14:35:27,675 INFO 52307 [egg-security] use dta middleware
2020-04-27 14:35:27,675 INFO 52307 [egg-security] compose 7 middlewares into one security middleware
2020-04-27 14:35:27,681 INFO 52307 [egg:core] dump config after load, 5ms
2020-04-27 14:35:30,995 INFO 52307 [egg:core] dump config after ready, 6ms
2020-04-27 14:35:31,006 INFO 52307 [egg-watcher:application] watcher start success
2020-04-27 14:37:42,982 INFO 52465 [egg:logger] init all loggers with options: {"dir":"/Users/harry/project/applications/one-midway/packages/main/logs/midway-demo-main","encoding":"utf8","env":"local","level":"INFO","consoleLevel":"INFO","disableConsoleAfterReady":false,"outputJSON":false,"buffer":true,"appLogName":"midway-web.log","coreLogName":"midway-core.log","agentLogName":"midway-agent.log","errorLogName":"common-error.log","coreLogger":{"consoleLevel":"WARN"},"allowDebugAtProd":false,"type":"application"}
2020-04-27 14:37:43,042 INFO 52465 [egg-multipart] stream mode enable
2020-04-27 14:37:43,108 INFO 52465 [egg-static] starting static serve /public/ -> /Users/harry/project/applications/one-midway/packages/main/src/app/public
2020-04-27 14:37:43,110 INFO 52465 [egg-security] use csrf middleware
2020-04-27 14:37:43,111 INFO 52465 [egg-security] use methodnoallow middleware
2020-04-27 14:37:43,111 INFO 52465 [egg-security] use noopen middleware
2020-04-27 14:37:43,112 INFO 52465 [egg-security] use nosniff middleware
2020-04-27 14:37:43,112 INFO 52465 [egg-security] use xssProtection middleware
2020-04-27 14:37:43,113 INFO 52465 [egg-security] use xframe middleware
2020-04-27 14:37:43,114 INFO 52465 [egg-security] use dta middleware
2020-04-27 14:37:43,114 INFO 52465 [egg-security] compose 7 middlewares into one security middleware
2020-04-27 14:37:43,120 INFO 52465 [egg:core] dump config after load, 5ms
2020-04-27 14:37:47,828 INFO 52465 [egg:core] dump config after ready, 10ms
2020-04-27 14:37:47,835 INFO 52465 [egg-watcher:application] watcher start success
2020-04-27 14:41:56,215 INFO 52812 [egg:logger] init all loggers with options: {"dir":"/Users/harry/project/applications/one-midway/packages/main/logs/midway-demo-main","encoding":"utf8","env":"local","level":"INFO","consoleLevel":"INFO","disableConsoleAfterReady":false,"outputJSON":false,"buffer":true,"appLogName":"midway-web.log","coreLogName":"midway-core.log","agentLogName":"midway-agent.log","errorLogName":"common-error.log","coreLogger":{"consoleLevel":"WARN"},"allowDebugAtProd":false,"type":"application"}
2020-04-27 14:41:56,289 INFO 52812 [egg-multipart] stream mode enable
2020-04-27 14:41:56,405 INFO 52812 [egg-static] starting static serve /public/ -> /Users/harry/project/applications/one-midway/packages/main/src/app/public
2020-04-27 14:41:56,407 INFO 52812 [egg-security] use csrf middleware
2020-04-27 14:41:56,409 INFO 52812 [egg-security] use methodnoallow middleware
2020-04-27 14:41:56,411 INFO 52812 [egg-security] use noopen middleware
2020-04-27 14:41:56,412 INFO 52812 [egg-security] use nosniff middleware
2020-04-27 14:41:56,413 INFO 52812 [egg-security] use xssProtection middleware
2020-04-27 14:41:56,414 INFO 52812 [egg-security] use xframe middleware
2020-04-27 14:41:56,414 INFO 52812 [egg-security] use dta middleware
2020-04-27 14:41:56,415 INFO 52812 [egg-security] compose 7 middlewares into one security middleware
2020-04-27 14:41:56,421 INFO 52812 [egg:core] dump config after load, 5ms
2020-04-27 14:41:56,436 INFO 52812 [egg-watcher:application] watcher start success
2020-04-27 14:41:56,442 INFO 52812 [egg:core] dump config after ready, 4ms
