2020-04-27 13:39:59,111 INFO 48212 [Timer] /Users/harry/project/applications/one-midway/node_modules/egg-multipart/app/schedule/clean_tmpdir.js next time will execute after 53400891ms at 2020-04-28 04:30:00.002
2020-04-27 13:39:59,111 INFO 48212 [Timer] /Users/harry/project/applications/one-midway/node_modules/egg-logrotator/app/schedule/clean_log.js next time will execute after 37200889ms at 2020-04-28 00:00:00.000
2020-04-27 13:39:59,111 INFO 48212 [Timer] /Users/harry/project/applications/one-midway/node_modules/egg-logrotator/app/schedule/rotate_by_file.js next time will execute after 37201889ms at 2020-04-28 00:00:01.000
2020-04-27 13:39:58,984 INFO 48217 [egg-schedule]: register schedule /Users/harry/project/applications/one-midway/node_modules/egg-multipart/app/schedule/clean_tmpdir.js
2020-04-27 13:39:58,984 INFO 48217 [egg-schedule]: register schedule /Users/harry/project/applications/one-midway/node_modules/egg-logrotator/app/schedule/clean_log.js
2020-04-27 13:39:58,984 INFO 48217 [egg-schedule]: register schedule /Users/harry/project/applications/one-midway/node_modules/egg-logrotator/app/schedule/rotate_by_file.js
2020-04-27 13:41:50,284 INFO 48390 [Timer] /Users/harry/project/applications/one-midway/node_modules/egg-multipart/app/schedule/clean_tmpdir.js next time will execute after 53289718ms at 2020-04-28 04:30:00.002
2020-04-27 13:41:50,285 INFO 48390 [Timer] /Users/harry/project/applications/one-midway/node_modules/egg-logrotator/app/schedule/clean_log.js next time will execute after 37089716ms at 2020-04-28 00:00:00.001
2020-04-27 13:41:50,285 INFO 48390 [Timer] /Users/harry/project/applications/one-midway/node_modules/egg-logrotator/app/schedule/rotate_by_file.js next time will execute after 37090715ms at 2020-04-28 00:00:01.000
2020-04-27 13:41:50,138 INFO 48394 [egg-schedule]: register schedule /Users/harry/project/applications/one-midway/node_modules/egg-multipart/app/schedule/clean_tmpdir.js
2020-04-27 13:41:50,138 INFO 48394 [egg-schedule]: register schedule /Users/harry/project/applications/one-midway/node_modules/egg-logrotator/app/schedule/clean_log.js
2020-04-27 13:41:50,138 INFO 48394 [egg-schedule]: register schedule /Users/harry/project/applications/one-midway/node_modules/egg-logrotator/app/schedule/rotate_by_file.js
2020-04-27 13:42:35,784 INFO 48472 [Timer] /Users/harry/project/applications/one-midway/node_modules/egg-multipart/app/schedule/clean_tmpdir.js next time will execute after 53244218ms at 2020-04-28 04:30:00.002
2020-04-27 13:42:35,784 INFO 48472 [Timer] /Users/harry/project/applications/one-midway/node_modules/egg-logrotator/app/schedule/clean_log.js next time will execute after 37044216ms at 2020-04-28 00:00:00.000
2020-04-27 13:42:35,784 INFO 48472 [Timer] /Users/harry/project/applications/one-midway/node_modules/egg-logrotator/app/schedule/rotate_by_file.js next time will execute after 37045216ms at 2020-04-28 00:00:01.000
2020-04-27 13:42:35,704 INFO 48477 [egg-schedule]: register schedule /Users/harry/project/applications/one-midway/node_modules/egg-multipart/app/schedule/clean_tmpdir.js
2020-04-27 13:42:35,704 INFO 48477 [egg-schedule]: register schedule /Users/harry/project/applications/one-midway/node_modules/egg-logrotator/app/schedule/clean_log.js
2020-04-27 13:42:35,704 INFO 48477 [egg-schedule]: register schedule /Users/harry/project/applications/one-midway/node_modules/egg-logrotator/app/schedule/rotate_by_file.js
2020-04-27 13:50:39,940 INFO 49022 [Timer] /Users/harry/project/applications/one-midway/node_modules/egg-multipart/app/schedule/clean_tmpdir.js next time will execute after 52760062ms at 2020-04-28 04:30:00.002
2020-04-27 13:50:39,941 INFO 49022 [Timer] /Users/harry/project/applications/one-midway/node_modules/egg-logrotator/app/schedule/clean_log.js next time will execute after 36560059ms at 2020-04-28 00:00:00.000
2020-04-27 13:50:39,941 INFO 49022 [Timer] /Users/harry/project/applications/one-midway/node_modules/egg-logrotator/app/schedule/rotate_by_file.js next time will execute after 36561059ms at 2020-04-28 00:00:01.000
2020-04-27 13:50:39,792 INFO 49026 [egg-schedule]: register schedule /Users/harry/project/applications/one-midway/node_modules/egg-multipart/app/schedule/clean_tmpdir.js
2020-04-27 13:50:39,792 INFO 49026 [egg-schedule]: register schedule /Users/harry/project/applications/one-midway/node_modules/egg-logrotator/app/schedule/clean_log.js
2020-04-27 13:50:39,792 INFO 49026 [egg-schedule]: register schedule /Users/harry/project/applications/one-midway/node_modules/egg-logrotator/app/schedule/rotate_by_file.js
2020-04-27 13:51:21,029 INFO 49094 [egg-schedule]: register schedule /Users/harry/project/applications/one-midway/node_modules/egg-multipart/app/schedule/clean_tmpdir.js
2020-04-27 13:51:21,029 INFO 49094 [egg-schedule]: register schedule /Users/harry/project/applications/one-midway/node_modules/egg-logrotator/app/schedule/clean_log.js
2020-04-27 13:51:21,029 INFO 49094 [egg-schedule]: register schedule /Users/harry/project/applications/one-midway/node_modules/egg-logrotator/app/schedule/rotate_by_file.js
2020-04-27 13:51:21,224 INFO 49087 [Timer] /Users/harry/project/applications/one-midway/node_modules/egg-multipart/app/schedule/clean_tmpdir.js next time will execute after 52718777ms at 2020-04-28 04:30:00.001
2020-04-27 13:51:21,225 INFO 49087 [Timer] /Users/harry/project/applications/one-midway/node_modules/egg-logrotator/app/schedule/clean_log.js next time will execute after 36518775ms at 2020-04-28 00:00:00.000
2020-04-27 13:51:21,225 INFO 49087 [Timer] /Users/harry/project/applications/one-midway/node_modules/egg-logrotator/app/schedule/rotate_by_file.js next time will execute after 36519775ms at 2020-04-28 00:00:01.000
